<?xml version="1.0" encoding="UTF-8"?>
<con:testCase xmlns:con="http://eviware.com/soapui/config" xmlns:xsi="http://www.w3.org/2001/XMLSchema-instance" id="cc166751-ca2a-462d-874e-01c47837849c" discardOkResults="false" failOnError="false" failTestCaseOnErrors="true" keepSession="false" name="Test Case 1" searchProperties="true" timeout="0">
  <con:settings>
    <con:setting id="IncludeOverview">true</con:setting>
    <con:setting id="IncludeResults">true</con:setting>
    <con:setting id="FlowLayout">false</con:setting>
    <con:setting id="ErrorDetails">true</con:setting>
    <con:setting id="IncludeCoverage">true</con:setting>
    <con:setting id="cc166751-ca2a-462d-874e-01c47837849cfileName">Test-Case-1</con:setting>
  </con:settings>
  <con:testStep type="restrequest" name="Add New Pet" id="b67e7a87-0c8f-4311-8e64-21870c38f0f9">
    <con:settings/>
    <con:config service="Swagger Petstore" resourcePath="/v2/pet" methodName="addPet" xsi:type="con:RestRequestStep">
      <con:restRequest name="Add New Pet" id="799a5e62-b858-4423-bd75-103e3295d5b8" mediaType="application/json" postQueryString="false">
        <con:settings>
          <con:setting id="com.eviware.soapui.impl.wsdl.WsdlRequest@request-headers">&lt;xml-fragment/></con:setting>
        </con:settings>
        <con:endpoint>http://petstore.swagger.io</con:endpoint>
        <con:request>{
  "id": 0,
  "category": {
    "id": 0,
    "name": "string"
  },
  "name": "sample1",
  "photoUrls": [
    "string"
  ],
  "tags": [
    {
      "id": 2,
      "name": "autotest"
    }
  ],
  "status": "available"
}</con:request>
        <con:originalUri>https://petstore.swagger.io/v2/pet</con:originalUri>
        <con:assertion type="Valid HTTP Status Codes" id="79095fcf-f7ef-4044-938c-674446d27239" name="Valid HTTP Status Codes">
          <con:settings/>
          <con:configuration>
            <codes>200</codes>
          </con:configuration>
        </con:assertion>
        <con:assertion type="JsonPath Existence Match" id="1029f339-8897-4a2c-aeb5-862d0beb325f" name="Check for existence of [id]">
          <con:configuration>
            <path>$['id']</path>
            <content>true</content>
            <allowWildcards>false</allowWildcards>
            <ignoreNamspaceDifferences>false</ignoreNamspaceDifferences>
            <ignoreComments>false</ignoreComments>
          </con:configuration>
        </con:assertion>
        <con:assertion type="JsonPath Match" id="60dae0f0-37a2-4c51-b8ef-55495b518809" name="Match content of [id]">
          <con:configuration>
            <path>$['id']</path>
            <content>9223372036854775807</content>
            <allowWildcards>false</allowWildcards>
            <ignoreNamspaceDifferences>false</ignoreNamspaceDifferences>
            <ignoreComments>false</ignoreComments>
          </con:configuration>
        </con:assertion>
        <con:assertion type="JsonPath Match" id="89dfc807-d8a6-4d3e-9269-36573c46140e" name="Match content of [name]">
          <con:configuration>
            <path>$['name']</path>
            <content>"sample1"</content>
            <allowWildcards>false</allowWildcards>
            <ignoreNamspaceDifferences>false</ignoreNamspaceDifferences>
            <ignoreComments>false</ignoreComments>
          </con:configuration>
        </con:assertion>
        <con:credentials>
          <con:selectedAuthProfile>No Authorization</con:selectedAuthProfile>
          <con:authType>No Authorization</con:authType>
        </con:credentials>
        <con:jmsConfig JMSDeliveryMode="PERSISTENT"/>
        <con:parameters/>
        <con:parameterOrder/>
        <con:environmentSpec>
          <con:entry environmentId="0f657e14-0252-42e0-a3ab-a9b2ab425926">
            <con:authProfile>Inherit From Parent</con:authProfile>
          </con:entry>
          <con:entry environmentId="e8a1c55e-db7b-4e82-b346-08b3a318f656">
            <con:authProfile>Inherit From Parent</con:authProfile>
          </con:entry>
        </con:environmentSpec>
      </con:restRequest>
    </con:config>
  </con:testStep>
  <con:testStep type="restrequest" name="Get Pet By Id" id="6403ed61-5b8a-4e16-8c38-b5e3f3c7c0b3">
    <con:settings/>
    <con:config service="Swagger Petstore" resourcePath="/v2/pet/{petId}" methodName="getPetById" xsi:type="con:RestRequestStep">
      <con:restRequest name="Get Pet By Id" id="caa35b73-3abe-4a9f-b20b-0c0d5217d966" mediaType="application/json">
        <con:settings>
          <con:setting id="com.eviware.soapui.impl.wsdl.WsdlRequest@request-headers">&lt;xml-fragment/></con:setting>
        </con:settings>
        <con:endpoint>http://petstore.swagger.io</con:endpoint>
        <con:request/>
        <con:originalUri>https://petstore.swagger.io/v2/pet/</con:originalUri>
        <con:assertion type="Valid HTTP Status Codes" id="777a0ca6-aa71-4f2e-a95f-7f71936526a8" name="Valid HTTP Status Codes">
          <con:settings/>
          <con:configuration>
            <codes>200</codes>
          </con:configuration>
        </con:assertion>
        <con:credentials>
          <con:selectedAuthProfile>No Authorization</con:selectedAuthProfile>
          <con:authType>No Authorization</con:authType>
        </con:credentials>
        <con:jmsConfig JMSDeliveryMode="PERSISTENT"/>
        <con:parameters>
          <con:entry key="petId" value="${Add New Pet#Response#$['id']}"/>
        </con:parameters>
        <con:environmentSpec>
          <con:entry environmentId="0f657e14-0252-42e0-a3ab-a9b2ab425926">
            <con:authProfile>Inherit From Parent</con:authProfile>
          </con:entry>
          <con:entry environmentId="e8a1c55e-db7b-4e82-b346-08b3a318f656">
            <con:authProfile>Inherit From Parent</con:authProfile>
          </con:entry>
        </con:environmentSpec>
      </con:restRequest>
    </con:config>
  </con:testStep>
  <con:testStep type="restrequest" name="login_user" id="dce132ee-3547-44bd-ba72-fe8069083925">
    <con:settings/>
    <con:config service="Swagger Petstore" resourcePath="/v2/user/login" methodName="loginUser" xsi:type="con:RestRequestStep">
      <con:restRequest name="login_user" id="7a0acdcf-bd68-4390-811e-a6db759b400e" mediaType="application/json">
        <con:settings>
          <con:setting id="com.eviware.soapui.impl.wsdl.WsdlRequest@request-headers">&lt;xml-fragment/></con:setting>
        </con:settings>
        <con:endpoint>http://petstore.swagger.io</con:endpoint>
        <con:request/>
        <con:originalUri>https://petstore.swagger.io/v2/user/login</con:originalUri>
        <con:assertion type="Valid HTTP Status Codes" id="af803ca5-4097-4cd9-a196-2c9575533c53" name="Valid HTTP Status Codes">
          <con:settings/>
          <con:configuration>
            <codes>200</codes>
          </con:configuration>
        </con:assertion>
        <con:credentials>
          <con:selectedAuthProfile>No Authorization</con:selectedAuthProfile>
          <con:authType>No Authorization</con:authType>
        </con:credentials>
        <con:jmsConfig JMSDeliveryMode="PERSISTENT"/>
        <con:parameters>
          <con:entry key="password" value="test"/>
          <con:entry key="username" value="test"/>
        </con:parameters>
        <con:environmentSpec>
          <con:entry environmentId="0f657e14-0252-42e0-a3ab-a9b2ab425926">
            <con:authProfile>Inherit From Parent</con:authProfile>
          </con:entry>
          <con:entry environmentId="e8a1c55e-db7b-4e82-b346-08b3a318f656">
            <con:authProfile>Inherit From Parent</con:authProfile>
          </con:entry>
        </con:environmentSpec>
      </con:restRequest>
    </con:config>
  </con:testStep>
  <con:properties/>
  <con:reportParameters/>
  <con:environmentSpec>
    <con:entry environmentId="0f657e14-0252-42e0-a3ab-a9b2ab425926">
      <con:authProfile>Inherit From Parent</con:authProfile>
    </con:entry>
    <con:entry environmentId="e8a1c55e-db7b-4e82-b346-08b3a318f656">
      <con:authProfile>Inherit From Parent</con:authProfile>
    </con:entry>
  </con:environmentSpec>
</con:testCase>
